2020-10-07 14:12:48 INFO  ExcelTest:24 - Sending Username...
2020-10-07 14:12:54 INFO  ExcelTest:26 - Sending Whatsapp Number...
2020-10-07 14:12:58 INFO  ExcelTest:28 - Sending Email Id...
2020-10-07 14:12:59 INFO  ExcelTest:24 - Sending Username...
2020-10-07 14:13:05 INFO  ExcelTest:26 - Sending Whatsapp Number...
2020-10-07 14:13:06 INFO  ExcelTest:31 - Selecting option from dropdown...
2020-10-07 14:13:09 INFO  ExcelTest:33 - Clicking on chat icon to start the chat...
2020-10-07 14:13:10 INFO  ExcelTest:28 - Sending Email Id...
2020-10-07 14:13:17 INFO  ExcelTest:31 - Selecting option from dropdown...
2020-10-07 14:13:19 INFO  ExcelTest:33 - Clicking on chat icon to start the chat...
2020-10-07 14:13:51 INFO  ExcelTest:24 - Sending Username...
2020-10-07 14:13:55 INFO  ExcelTest:26 - Sending Whatsapp Number...
2020-10-07 14:14:00 INFO  ExcelTest:28 - Sending Email Id...
2020-10-07 14:14:04 INFO  ExcelTest:24 - Sending Username...
2020-10-07 14:14:07 INFO  ExcelTest:31 - Selecting option from dropdown...
2020-10-07 14:14:08 INFO  ExcelTest:26 - Sending Whatsapp Number...
2020-10-07 14:14:09 INFO  ExcelTest:33 - Clicking on chat icon to start the chat...
2020-10-07 14:14:12 INFO  ExcelTest:28 - Sending Email Id...
2020-10-07 14:14:20 INFO  ExcelTest:31 - Selecting option from dropdown...
2020-10-07 14:14:22 INFO  ExcelTest:33 - Clicking on chat icon to start the chat...
2020-10-07 14:14:59 INFO  ExcelTest:24 - Sending Username...
2020-10-07 14:15:03 INFO  ExcelTest:26 - Sending Whatsapp Number...
2020-10-07 14:15:08 INFO  ExcelTest:28 - Sending Email Id...
2020-10-07 14:15:15 INFO  ExcelTest:31 - Selecting option from dropdown...
2020-10-07 14:15:17 INFO  ExcelTest:33 - Clicking on chat icon to start the chat...
2020-10-07 14:15:57 INFO  ExcelTest:24 - Sending Username...
2020-10-07 14:16:01 INFO  ExcelTest:26 - Sending Whatsapp Number...
2020-10-07 14:16:05 INFO  ExcelTest:28 - Sending Email Id...
2020-10-07 14:16:13 INFO  ExcelTest:31 - Selecting option from dropdown...
2020-10-07 14:16:15 INFO  ExcelTest:33 - Clicking on chat icon to start the chat...
